<?xml version="1.0" encoding="UTF-8"?>
<!-- Generated by org.testng.reporters.JUnitReportReporter -->
<testsuite hostname="DESKTOP-PTHTCDU" failures="0" tests="1" name="testCases.AddUserMgmt" time="133.813" errors="0" timestamp="2025-05-22T20:03:53 IST" skipped="0">
  <testcase classname="testCases.AddUserMgmt" name="AddUser" time="133.813"/>
</testsuite> <!-- testCases.AddUserMgmt -->
