<?xml version="1.0" encoding="UTF-8"?>
<!-- Generated by org.testng.reporters.JUnitReportReporter -->
<testsuite hostname="DESKTOP-PTHTCDU" failures="0" tests="1" name="testCases.TC1" time="9.614" errors="0" timestamp="2025-05-21T18:14:44 IST" skipped="0">
  <testcase classname="testCases.TC1" name="runLoginTest" time="9.614"/>
</testsuite> <!-- testCases.TC1 -->
