<?xml version="1.0" encoding="UTF-8"?>
<!-- Generated by org.testng.reporters.JUnitReportReporter -->
<testsuite hostname="DESKTOP-PTHTCDU" failures="0" tests="1" name="testCases.CrudOperation" time="83.834" errors="0" timestamp="2025-05-24T19:27:25 IST" skipped="0">
  <testcase classname="testCases.CrudOperation" name="AddUser" time="83.834"/>
</testsuite> <!-- testCases.CrudOperation -->
