<?xml version="1.0" encoding="UTF-8"?>
<!-- Generated by org.testng.reporters.JUnitReportReporter -->
<testsuite hostname="DESKTOP-PTHTCDU" failures="0" tests="1" name="testCases.CrudOperation" time="86.852" errors="0" timestamp="2025-05-22T20:40:01 IST" skipped="0">
  <testcase classname="testCases.CrudOperation" name="AddUser" time="86.852"/>
</testsuite> <!-- testCases.CrudOperation -->
