<?xml version="1.0" encoding="UTF-8"?>
<!-- Generated by org.testng.reporters.JUnitReportReporter -->
<testsuite hostname="DESKTOP-PTHTCDU" failures="0" tests="1" name="testCases.CrudOperation" time="82.319" errors="0" timestamp="2025-05-24T19:40:04 IST" skipped="0">
  <testcase classname="testCases.CrudOperation" name="AddUser" time="82.319"/>
</testsuite> <!-- testCases.CrudOperation -->
